v0.34
1、英文版的保持原始jd2chm版本带的CSS
2、中文版本的javadoc可选择使用雅黑

============================================

v0.33
1、可以不拷贝到临时目录
2、可以选择Language为中文：对于中文的javadoc，如果不能搜索中文，可以启用该参数试试
3、替换hhc文件的“<A[^>]+>([^<]+)</A>”为“\1”
4、替换hhc文件的“&nbsp;”为“ ”
5、默认doc字体设置为雅黑（css）
6、修正语言为非英文时，目录树字体难看的问题（-->Microsoft Sans Serif）
7、Interface节点换个书的图标，看得清楚些

TODO：UTF-8的中文Java doc，编译后无法搜索中文
DONE：英文版的保持原来的带的CSS

============================================

v0.32
1、兼容性问题：有些Javadoc没有index-all.html

============================================

v0.31
1、增加启动参数 start_dir
2、增加选项，完成后删除临时文件
3、绿化hhc

DONE: 选择hhp文件的Language。现在默认为英文，中文应该为“0x804 中文(中国)”
DONE: 生成hhc文件时，删除<param name="Name" value="XXXXXX">中的“&nbsp;”
DONE: 生成hhc文件时，替换<param name="Name" value="XXXXXX">中的“<A[^>]+>([^<]+)</A>”为“\1”

目前可以在hhc、hhp、hhk文件全部生成后，修改hhc文件，然后手动编译：hhc.exe xxx.hhp
